/var/spool/PBS/mom_priv/jobs/5470976.sched01.SC: line 19: visualizerenv/bin/activate: No such file or directory
java.lang.ClassCastException: class java.lang.Long cannot be cast to class java.lang.Double (java.lang.Long and java.lang.Double are in module java.base of loader 'bootstrap')
	at FitnessConfigField.<init>(FitnessConfig.java:126)
	at FitnessConfig.<clinit>(FitnessConfig.java:44)
	at Fitness.Safety(Fitness.java:150)
	at Fitness.LTL(Fitness.java:42)
	at Fitness.determineFitness(Fitness.java:5)
	at LinearRankSelection.selectChromosomes(Selection.java:214)
	at GeneticAlgorithm.run(GeneticAlgorithm.java:21)
	at App.main(App.java:15)
java.lang.RuntimeException: Malformed safety property
	at FitnessConfigField.<init>(FitnessConfig.java:129)
	at FitnessConfig.<clinit>(FitnessConfig.java:44)
	at Fitness.Safety(Fitness.java:150)
	at Fitness.LTL(Fitness.java:42)
	at Fitness.determineFitness(Fitness.java:5)
	at LinearRankSelection.selectChromosomes(Selection.java:214)
	at GeneticAlgorithm.run(GeneticAlgorithm.java:21)
	at App.main(App.java:15)
java.lang.ClassCastException: class java.lang.Long cannot be cast to class java.lang.Double (java.lang.Long and java.lang.Double are in module java.base of loader 'bootstrap')
	at FitnessConfigField.<init>(FitnessConfig.java:126)
	at FitnessConfig.<clinit>(FitnessConfig.java:44)
	at Fitness.Safety(Fitness.java:150)
	at Fitness.LTL(Fitness.java:42)
	at Fitness.determineFitness(Fitness.java:5)
	at LinearRankSelection.selectChromosomes(Selection.java:214)
	at GeneticAlgorithm.run(GeneticAlgorithm.java:21)
	at App.main(App.java:15)
java.lang.RuntimeException: Malformed safety property
	at FitnessConfigField.<init>(FitnessConfig.java:129)
	at FitnessConfig.<clinit>(FitnessConfig.java:44)
	at Fitness.Safety(Fitness.java:150)
	at Fitness.LTL(Fitness.java:42)
	at Fitness.determineFitness(Fitness.java:5)
	at LinearRankSelection.selectChromosomes(Selection.java:214)
	at GeneticAlgorithm.run(GeneticAlgorithm.java:21)
	at App.main(App.java:15)
java.lang.ClassCastException: class java.lang.Long cannot be cast to class java.lang.Double (java.lang.Long and java.lang.Double are in module java.base of loader 'bootstrap')
	at FitnessConfigField.<init>(FitnessConfig.java:126)
	at FitnessConfig.<clinit>(FitnessConfig.java:44)
	at Fitness.Safety(Fitness.java:150)
	at Fitness.LTL(Fitness.java:42)
	at Fitness.determineFitness(Fitness.java:5)
	at LinearRankSelection.selectChromosomes(Selection.java:214)
	at GeneticAlgorithm.run(GeneticAlgorithm.java:21)
	at App.main(App.java:15)
java.lang.RuntimeException: Malformed safety property
	at FitnessConfigField.<init>(FitnessConfig.java:129)
	at FitnessConfig.<clinit>(FitnessConfig.java:44)
	at Fitness.Safety(Fitness.java:150)
	at Fitness.LTL(Fitness.java:42)
	at Fitness.determineFitness(Fitness.java:5)
	at LinearRankSelection.selectChromosomes(Selection.java:214)
	at GeneticAlgorithm.run(GeneticAlgorithm.java:21)
	at App.main(App.java:15)
java.lang.ClassCastException: class java.lang.Long cannot be cast to class java.lang.Double (java.lang.Long and java.lang.Double are in module java.base of loader 'bootstrap')
	at FitnessConfigField.<init>(FitnessConfig.java:126)
	at FitnessConfig.<clinit>(FitnessConfig.java:44)
	at Fitness.Safety(Fitness.java:150)
	at Fitness.LTL(Fitness.java:42)
	at Fitness.determineFitness(Fitness.java:5)
	at LinearRankSelection.selectChromosomes(Selection.java:214)
	at GeneticAlgorithm.run(GeneticAlgorithm.java:21)
	at App.main(App.java:15)
java.lang.RuntimeException: Malformed safety property
	at FitnessConfigField.<init>(FitnessConfig.java:129)
	at FitnessConfig.<clinit>(FitnessConfig.java:44)
	at Fitness.Safety(Fitness.java:150)
	at Fitness.LTL(Fitness.java:42)
	at Fitness.determineFitness(Fitness.java:5)
	at LinearRankSelection.selectChromosomes(Selection.java:214)
	at GeneticAlgorithm.run(GeneticAlgorithm.java:21)
	at App.main(App.java:15)
java.lang.ClassCastException: class java.lang.Long cannot be cast to class java.lang.Double (java.lang.Long and java.lang.Double are in module java.base of loader 'bootstrap')
	at FitnessConfigField.<init>(FitnessConfig.java:126)
	at FitnessConfig.<clinit>(FitnessConfig.java:44)
	at Fitness.Safety(Fitness.java:150)
	at Fitness.LTL(Fitness.java:42)
	at Fitness.determineFitness(Fitness.java:5)
	at LinearRankSelection.selectChromosomes(Selection.java:214)
	at GeneticAlgorithm.run(GeneticAlgorithm.java:21)
	at App.main(App.java:15)
java.lang.RuntimeException: Malformed safety property
	at FitnessConfigField.<init>(FitnessConfig.java:129)
	at FitnessConfig.<clinit>(FitnessConfig.java:44)
	at Fitness.Safety(Fitness.java:150)
	at Fitness.LTL(Fitness.java:42)
	at Fitness.determineFitness(Fitness.java:5)
	at LinearRankSelection.selectChromosomes(Selection.java:214)
	at GeneticAlgorithm.run(GeneticAlgorithm.java:21)
	at App.main(App.java:15)
java.lang.ClassCastException: class java.lang.Long cannot be cast to class java.lang.Double (java.lang.Long and java.lang.Double are in module java.base of loader 'bootstrap')
	at FitnessConfigField.<init>(FitnessConfig.java:126)
	at FitnessConfig.<clinit>(FitnessConfig.java:44)
	at Fitness.Safety(Fitness.java:150)
	at Fitness.LTL(Fitness.java:42)
	at Fitness.determineFitness(Fitness.java:5)
	at LinearRankSelection.selectChromosomes(Selection.java:214)
	at GeneticAlgorithm.run(GeneticAlgorithm.java:21)
	at App.main(App.java:15)
java.lang.RuntimeException: Malformed safety property
	at FitnessConfigField.<init>(FitnessConfig.java:129)
	at FitnessConfig.<clinit>(FitnessConfig.java:44)
	at Fitness.Safety(Fitness.java:150)
	at Fitness.LTL(Fitness.java:42)
	at Fitness.determineFitness(Fitness.java:5)
	at LinearRankSelection.selectChromosomes(Selection.java:214)
	at GeneticAlgorithm.run(GeneticAlgorithm.java:21)
	at App.main(App.java:15)
java.lang.ClassCastException: class java.lang.Long cannot be cast to class java.lang.Double (java.lang.Long and java.lang.Double are in module java.base of loader 'bootstrap')
	at FitnessConfigField.<init>(FitnessConfig.java:126)
	at FitnessConfig.<clinit>(FitnessConfig.java:44)
	at Fitness.Safety(Fitness.java:150)
	at Fitness.LTL(Fitness.java:42)
	at Fitness.determineFitness(Fitness.java:5)
	at LinearRankSelection.selectChromosomes(Selection.java:214)
	at GeneticAlgorithm.run(GeneticAlgorithm.java:21)
	at App.main(App.java:15)
java.lang.RuntimeException: Malformed safety property
	at FitnessConfigField.<init>(FitnessConfig.java:129)
	at FitnessConfig.<clinit>(FitnessConfig.java:44)
	at Fitness.Safety(Fitness.java:150)
	at Fitness.LTL(Fitness.java:42)
	at Fitness.determineFitness(Fitness.java:5)
	at LinearRankSelection.selectChromosomes(Selection.java:214)
	at GeneticAlgorithm.run(GeneticAlgorithm.java:21)
	at App.main(App.java:15)
java.lang.ClassCastException: class java.lang.Long cannot be cast to class java.lang.Double (java.lang.Long and java.lang.Double are in module java.base of loader 'bootstrap')
	at FitnessConfigField.<init>(FitnessConfig.java:126)
	at FitnessConfig.<clinit>(FitnessConfig.java:44)
	at Fitness.Safety(Fitness.java:150)
	at Fitness.LTL(Fitness.java:42)
	at Fitness.determineFitness(Fitness.java:5)
	at LinearRankSelection.selectChromosomes(Selection.java:214)
	at GeneticAlgorithm.run(GeneticAlgorithm.java:21)
	at App.main(App.java:15)
java.lang.RuntimeException: Malformed safety property
	at FitnessConfigField.<init>(FitnessConfig.java:129)
	at FitnessConfig.<clinit>(FitnessConfig.java:44)
	at Fitness.Safety(Fitness.java:150)
	at Fitness.LTL(Fitness.java:42)
	at Fitness.determineFitness(Fitness.java:5)
	at LinearRankSelection.selectChromosomes(Selection.java:214)
	at GeneticAlgorithm.run(GeneticAlgorithm.java:21)
	at App.main(App.java:15)
java.lang.ClassCastException: class java.lang.Long cannot be cast to class java.lang.Double (java.lang.Long and java.lang.Double are in module java.base of loader 'bootstrap')
	at FitnessConfigField.<init>(FitnessConfig.java:126)
	at FitnessConfig.<clinit>(FitnessConfig.java:44)
	at Fitness.Safety(Fitness.java:150)
	at Fitness.LTL(Fitness.java:42)
	at Fitness.determineFitness(Fitness.java:5)
	at LinearRankSelection.selectChromosomes(Selection.java:214)
	at GeneticAlgorithm.run(GeneticAlgorithm.java:21)
	at App.main(App.java:15)
java.lang.RuntimeException: Malformed safety property
	at FitnessConfigField.<init>(FitnessConfig.java:129)
	at FitnessConfig.<clinit>(FitnessConfig.java:44)
	at Fitness.Safety(Fitness.java:150)
	at Fitness.LTL(Fitness.java:42)
	at Fitness.determineFitness(Fitness.java:5)
	at LinearRankSelection.selectChromosomes(Selection.java:214)
	at GeneticAlgorithm.run(GeneticAlgorithm.java:21)
	at App.main(App.java:15)
java.lang.ClassCastException: class java.lang.Long cannot be cast to class java.lang.Double (java.lang.Long and java.lang.Double are in module java.base of loader 'bootstrap')
	at FitnessConfigField.<init>(FitnessConfig.java:126)
	at FitnessConfig.<clinit>(FitnessConfig.java:44)
	at Fitness.Safety(Fitness.java:150)
	at Fitness.LTL(Fitness.java:42)
	at Fitness.determineFitness(Fitness.java:5)
	at LinearRankSelection.selectChromosomes(Selection.java:214)
	at GeneticAlgorithm.run(GeneticAlgorithm.java:21)
	at App.main(App.java:15)
java.lang.RuntimeException: Malformed safety property
	at FitnessConfigField.<init>(FitnessConfig.java:129)
	at FitnessConfig.<clinit>(FitnessConfig.java:44)
	at Fitness.Safety(Fitness.java:150)
	at Fitness.LTL(Fitness.java:42)
	at Fitness.determineFitness(Fitness.java:5)
	at LinearRankSelection.selectChromosomes(Selection.java:214)
	at GeneticAlgorithm.run(GeneticAlgorithm.java:21)
	at App.main(App.java:15)
java.lang.ClassCastException: class java.lang.Long cannot be cast to class java.lang.Double (java.lang.Long and java.lang.Double are in module java.base of loader 'bootstrap')
	at FitnessConfigField.<init>(FitnessConfig.java:126)
	at FitnessConfig.<clinit>(FitnessConfig.java:44)
	at Fitness.Safety(Fitness.java:150)
	at Fitness.LTL(Fitness.java:42)
	at Fitness.determineFitness(Fitness.java:5)
	at LinearRankSelection.selectChromosomes(Selection.java:214)
	at GeneticAlgorithm.run(GeneticAlgorithm.java:21)
	at App.main(App.java:15)
java.lang.RuntimeException: Malformed safety property
	at FitnessConfigField.<init>(FitnessConfig.java:129)
	at FitnessConfig.<clinit>(FitnessConfig.java:44)
	at Fitness.Safety(Fitness.java:150)
	at Fitness.LTL(Fitness.java:42)
	at Fitness.determineFitness(Fitness.java:5)
	at LinearRankSelection.selectChromosomes(Selection.java:214)
	at GeneticAlgorithm.run(GeneticAlgorithm.java:21)
	at App.main(App.java:15)
java.lang.ClassCastException: class java.lang.Long cannot be cast to class java.lang.Double (java.lang.Long and java.lang.Double are in module java.base of loader 'bootstrap')
	at FitnessConfigField.<init>(FitnessConfig.java:126)
	at FitnessConfig.<clinit>(FitnessConfig.java:44)
	at Fitness.Safety(Fitness.java:150)
	at Fitness.LTL(Fitness.java:42)
	at Fitness.determineFitness(Fitness.java:5)
	at LinearRankSelection.selectChromosomes(Selection.java:214)
	at GeneticAlgorithm.run(GeneticAlgorithm.java:21)
	at App.main(App.java:15)
java.lang.RuntimeException: Malformed safety property
	at FitnessConfigField.<init>(FitnessConfig.java:129)
	at FitnessConfig.<clinit>(FitnessConfig.java:44)
	at Fitness.Safety(Fitness.java:150)
	at Fitness.LTL(Fitness.java:42)
	at Fitness.determineFitness(Fitness.java:5)
	at LinearRankSelection.selectChromosomes(Selection.java:214)
	at GeneticAlgorithm.run(GeneticAlgorithm.java:21)
	at App.main(App.java:15)
java.lang.ClassCastException: class java.lang.Long cannot be cast to class java.lang.Double (java.lang.Long and java.lang.Double are in module java.base of loader 'bootstrap')
	at FitnessConfigField.<init>(FitnessConfig.java:126)
	at FitnessConfig.<clinit>(FitnessConfig.java:44)
	at Fitness.Safety(Fitness.java:150)
	at Fitness.LTL(Fitness.java:42)
	at Fitness.determineFitness(Fitness.java:5)
	at LinearRankSelection.selectChromosomes(Selection.java:214)
	at GeneticAlgorithm.run(GeneticAlgorithm.java:21)
	at App.main(App.java:15)
java.lang.RuntimeException: Malformed safety property
	at FitnessConfigField.<init>(FitnessConfig.java:129)
	at FitnessConfig.<clinit>(FitnessConfig.java:44)
	at Fitness.Safety(Fitness.java:150)
	at Fitness.LTL(Fitness.java:42)
	at Fitness.determineFitness(Fitness.java:5)
	at LinearRankSelection.selectChromosomes(Selection.java:214)
	at GeneticAlgorithm.run(GeneticAlgorithm.java:21)
	at App.main(App.java:15)
java.lang.ClassCastException: class java.lang.Long cannot be cast to class java.lang.Double (java.lang.Long and java.lang.Double are in module java.base of loader 'bootstrap')
	at FitnessConfigField.<init>(FitnessConfig.java:126)
	at FitnessConfig.<clinit>(FitnessConfig.java:44)
	at Fitness.Safety(Fitness.java:150)
	at Fitness.LTL(Fitness.java:42)
	at Fitness.determineFitness(Fitness.java:5)
	at LinearRankSelection.selectChromosomes(Selection.java:214)
	at GeneticAlgorithm.run(GeneticAlgorithm.java:21)
	at App.main(App.java:15)
java.lang.RuntimeException: Malformed safety property
	at FitnessConfigField.<init>(FitnessConfig.java:129)
	at FitnessConfig.<clinit>(FitnessConfig.java:44)
	at Fitness.Safety(Fitness.java:150)
	at Fitness.LTL(Fitness.java:42)
	at Fitness.determineFitness(Fitness.java:5)
	at LinearRankSelection.selectChromosomes(Selection.java:214)
	at GeneticAlgorithm.run(GeneticAlgorithm.java:21)
	at App.main(App.java:15)
java.lang.ClassCastException: class java.lang.Long cannot be cast to class java.lang.Double (java.lang.Long and java.lang.Double are in module java.base of loader 'bootstrap')
	at FitnessConfigField.<init>(FitnessConfig.java:126)
	at FitnessConfig.<clinit>(FitnessConfig.java:44)
	at Fitness.Safety(Fitness.java:150)
	at Fitness.LTL(Fitness.java:42)
	at Fitness.determineFitness(Fitness.java:5)
	at LinearRankSelection.selectChromosomes(Selection.java:214)
	at GeneticAlgorithm.run(GeneticAlgorithm.java:21)
	at App.main(App.java:15)
java.lang.RuntimeException: Malformed safety property
	at FitnessConfigField.<init>(FitnessConfig.java:129)
	at FitnessConfig.<clinit>(FitnessConfig.java:44)
	at Fitness.Safety(Fitness.java:150)
	at Fitness.LTL(Fitness.java:42)
	at Fitness.determineFitness(Fitness.java:5)
	at LinearRankSelection.selectChromosomes(Selection.java:214)
	at GeneticAlgorithm.run(GeneticAlgorithm.java:21)
	at App.main(App.java:15)
java.lang.ClassCastException: class java.lang.Long cannot be cast to class java.lang.Double (java.lang.Long and java.lang.Double are in module java.base of loader 'bootstrap')
	at FitnessConfigField.<init>(FitnessConfig.java:126)
	at FitnessConfig.<clinit>(FitnessConfig.java:44)
	at Fitness.Safety(Fitness.java:150)
	at Fitness.LTL(Fitness.java:42)
	at Fitness.determineFitness(Fitness.java:5)
	at LinearRankSelection.selectChromosomes(Selection.java:214)
	at GeneticAlgorithm.run(GeneticAlgorithm.java:21)
	at App.main(App.java:15)
java.lang.RuntimeException: Malformed safety property
	at FitnessConfigField.<init>(FitnessConfig.java:129)
	at FitnessConfig.<clinit>(FitnessConfig.java:44)
	at Fitness.Safety(Fitness.java:150)
	at Fitness.LTL(Fitness.java:42)
	at Fitness.determineFitness(Fitness.java:5)
	at LinearRankSelection.selectChromosomes(Selection.java:214)
	at GeneticAlgorithm.run(GeneticAlgorithm.java:21)
	at App.main(App.java:15)
java.lang.ClassCastException: class java.lang.Long cannot be cast to class java.lang.Double (java.lang.Long and java.lang.Double are in module java.base of loader 'bootstrap')
	at FitnessConfigField.<init>(FitnessConfig.java:126)
	at FitnessConfig.<clinit>(FitnessConfig.java:44)
	at Fitness.Safety(Fitness.java:150)
	at Fitness.LTL(Fitness.java:42)
	at Fitness.determineFitness(Fitness.java:5)
	at LinearRankSelection.selectChromosomes(Selection.java:214)
	at GeneticAlgorithm.run(GeneticAlgorithm.java:21)
	at App.main(App.java:15)
java.lang.RuntimeException: Malformed safety property
	at FitnessConfigField.<init>(FitnessConfig.java:129)
	at FitnessConfig.<clinit>(FitnessConfig.java:44)
	at Fitness.Safety(Fitness.java:150)
	at Fitness.LTL(Fitness.java:42)
	at Fitness.determineFitness(Fitness.java:5)
	at LinearRankSelection.selectChromosomes(Selection.java:214)
	at GeneticAlgorithm.run(GeneticAlgorithm.java:21)
	at App.main(App.java:15)
java.lang.ClassCastException: class java.lang.Long cannot be cast to class java.lang.Double (java.lang.Long and java.lang.Double are in module java.base of loader 'bootstrap')
	at FitnessConfigField.<init>(FitnessConfig.java:126)
	at FitnessConfig.<clinit>(FitnessConfig.java:44)
	at Fitness.Safety(Fitness.java:150)
	at Fitness.LTL(Fitness.java:42)
	at Fitness.determineFitness(Fitness.java:5)
	at LinearRankSelection.selectChromosomes(Selection.java:214)
	at GeneticAlgorithm.run(GeneticAlgorithm.java:21)
	at App.main(App.java:15)
java.lang.RuntimeException: Malformed safety property
	at FitnessConfigField.<init>(FitnessConfig.java:129)
	at FitnessConfig.<clinit>(FitnessConfig.java:44)
	at Fitness.Safety(Fitness.java:150)
	at Fitness.LTL(Fitness.java:42)
	at Fitness.determineFitness(Fitness.java:5)
	at LinearRankSelection.selectChromosomes(Selection.java:214)
	at GeneticAlgorithm.run(GeneticAlgorithm.java:21)
	at App.main(App.java:15)
java.lang.ClassCastException: class java.lang.Long cannot be cast to class java.lang.Double (java.lang.Long and java.lang.Double are in module java.base of loader 'bootstrap')
	at FitnessConfigField.<init>(FitnessConfig.java:126)
	at FitnessConfig.<clinit>(FitnessConfig.java:44)
	at Fitness.Safety(Fitness.java:150)
	at Fitness.LTL(Fitness.java:42)
	at Fitness.determineFitness(Fitness.java:5)
	at LinearRankSelection.selectChromosomes(Selection.java:214)
	at GeneticAlgorithm.run(GeneticAlgorithm.java:21)
	at App.main(App.java:15)
java.lang.RuntimeException: Malformed safety property
	at FitnessConfigField.<init>(FitnessConfig.java:129)
	at FitnessConfig.<clinit>(FitnessConfig.java:44)
	at Fitness.Safety(Fitness.java:150)
	at Fitness.LTL(Fitness.java:42)
	at Fitness.determineFitness(Fitness.java:5)
	at LinearRankSelection.selectChromosomes(Selection.java:214)
	at GeneticAlgorithm.run(GeneticAlgorithm.java:21)
	at App.main(App.java:15)
tar: ./Package9_8.tar: file is the archive; not dumped
